


ARM Macro Assembler    Page 1 


    1 00000000         ; LCD.s
    2 00000000         ; Student names: change this to your names or look very 
                       silly
    3 00000000         ; Last modification date: change this to the last modifi
                       cation date or look very silly
    4 00000000         
    5 00000000         ; Runs on LM4F120/TM4C123
    6 00000000         ; Use SSI0 to send an 8-bit code to the ST7735 160x128 p
                       ixel LCD.
    7 00000000         
    8 00000000         ; As part of Lab 7, students need to implement these LCD
                       _WriteCommand and LCD_WriteData
    9 00000000         ; This driver assumes two low-level LCD functions
   10 00000000         
   11 00000000         ; Backlight (pin 10) connected to +3.3 V
   12 00000000         ; MISO (pin 9) unconnected
   13 00000000         ; SCK (pin 8) connected to PA2 (SSI0Clk)
   14 00000000         ; MOSI (pin 7) connected to PA5 (SSI0Tx)
   15 00000000         ; TFT_CS (pin 6) connected to PA3 (SSI0Fss)
   16 00000000         ; CARD_CS (pin 5) unconnected
   17 00000000         ; Data/Command (pin 4) connected to PA6 (GPIO)
   18 00000000         ; RESET (pin 3) connected to PA7 (GPIO)
   19 00000000         ; VCC (pin 2) connected to +3.3 V
   20 00000000         ; Gnd (pin 1) connected to ground
   21 00000000         
   22 00000000 40004100 
                       DC      EQU              0x40004100
   23 00000000 00000000 
                       DC_COMMAND
                               EQU              0
   24 00000000 00000040 
                       DC_DATA EQU              0x40
   25 00000000 40008008 
                       SSI0_DR_R
                               EQU              0x40008008
   26 00000000 4000800C 
                       SSI0_SR_R
                               EQU              0x4000800C
   27 00000000 00000004 
                       SSI_SR_RNE
                               EQU              0x00000004  ; SSI Receive FIFO 
                                                            Not Empty
   28 00000000 00000010 
                       SSI_SR_BSY
                               EQU              0x00000010  ; SSI Busy Bit
   29 00000000 00000002 
                       SSI_SR_TNF
                               EQU              0x00000002  ; SSI Transmit FIFO
                                                             Not Full
   30 00000000         
   31 00000000         
   32 00000000         
   33 00000000         
   34 00000000         ;NOT A GOOD IDEA I KNOW
   35 00000000 400043FC 
                       GPIO_PORTA_DATA_R
                               EQU              0x400043FC
   36 00000000         
   37 00000000                 EXPORT           writecommand



ARM Macro Assembler    Page 2 


   38 00000000                 EXPORT           writedata
   39 00000000         
   40 00000000                 AREA             |.text|, CODE, READONLY, ALIGN=
2
   41 00000000                 THUMB
   42 00000000                 ALIGN
   43 00000000         
   44 00000000         ; The Data/Command pin must be valid when the eighth bit
                        is
   45 00000000         ; sent.  The SSI module has hardware input and output FI
                       FOs
   46 00000000         ; that are 8 locations deep.  Based on the observation t
                       hat
   47 00000000         ; the LCD interface tends to send a few commands and the
                       n a
   48 00000000         ; lot of data, the FIFOs are not used when writing
   49 00000000         ; commands, and they are used when writing data.  This
   50 00000000         ; ensures that the Data/Command pin status matches the b
                       yte
   51 00000000         ; that is actually being transmitted.
   52 00000000         ; The write command operation waits until all data has b
                       een
   53 00000000         ; sent, configures the Data/Command pin for commands, se
                       nds
   54 00000000         ; the command, and then waits for the transmission to
   55 00000000         ; finish.
   56 00000000         ; The write data operation waits until there is room in 
                       the
   57 00000000         ; transmit FIFO, configures the Data/Command pin for dat
                       a,
   58 00000000         ; and then adds the data to the transmit FIFO.
   59 00000000         ; NOTE: These functions will crash or stall indefinitely
                        if
   60 00000000         ; the SSI0 module is not initialized and enabled.
   61 00000000         
   62 00000000         ; This is a helper function that sends an 8-bit command 
                       to the LCD.
   63 00000000         ; Input: R0  8-bit command to transmit
   64 00000000         ; Output: none
   65 00000000         ; Assumes: SSI0 and port A have already been initialized
                        and enabled
   66 00000000         writecommand
   67 00000000         ;; --UUU-- Code to write a command to the LCD
   68 00000000         ;1) Read SSI0_SR_R and check bit 4, 
   69 00000000         ;2) If bit 4 is high, loop back to step 1 (wait for BUSY
                        bit to be low)
   70 00000000         ;3) Clear D/C=PA6 to zero
   71 00000000         ;4) Write the command to SSI0_DR_R
   72 00000000         ;5) Read SSI0_SR_R and check bit 4, 
   73 00000000         ;6) If bit 4 is high, loop back to step 5 (wait for BUSY
                        bit to be low)
   74 00000000 E92D 03FF       PUSH             {R0-R9}
   75 00000004 4913            LDR              R1, =SSI0_SR_R
   76 00000006         commandBusyWait1
   77 00000006 680A            LDR              R2,[R1]
   78 00000008 F002 0210       AND              R2, #SSI_SR_BSY
   79 0000000C 2A00            CMP              R2, #0
   80 0000000E D1FA            BNE              commandBusyWait1
   81 00000010         



ARM Macro Assembler    Page 3 


   82 00000010         
   83 00000010 4B11            LDR              R3, =GPIO_PORTA_DATA_R
   84 00000012 681C            LDR              R4,[R3]
   85 00000014 F024 0440       BIC              R4, #0x40
   86 00000018 601C            STR              R4, [R3]
   87 0000001A         
   88 0000001A 4D10            LDR              R5, =SSI0_DR_R
   89 0000001C 6028            STR              R0, [R5]
   90 0000001E         
   91 0000001E         commandBusyWait2
   92 0000001E 680A            LDR              R2,[R1]
   93 00000020 F002 0210       AND              R2, #SSI_SR_BSY
   94 00000024 2A00            CMP              R2, #0
   95 00000026 D1FA            BNE              commandBusyWait2
   96 00000028         
   97 00000028         
   98 00000028 E8BD 03FF       POP              {R0-R9}
   99 0000002C 4770            BX               LR          ;   return
  100 0000002E         
  101 0000002E         ; This is a helper function that sends an 8-bit data to 
                       the LCD.
  102 0000002E         ; Input: R0  8-bit data to transmit
  103 0000002E         ; Output: none
  104 0000002E         ; Assumes: SSI0 and port A have already been initialized
                        and enabled
  105 0000002E         writedata
  106 0000002E         ;; --UUU-- Code to write data to the LCD
  107 0000002E         ;1) Read SSI0_SR_R and check bit 1, 
  108 0000002E         ;2) If bit 1 is low loop back to step 1 (wait for TNF bi
                       t to be high)
  109 0000002E         ;3) Set D/C=PA6 to one
  110 0000002E         ;4) Write the 8-bit data to SSI0_DR_R
  111 0000002E E92D 03FF       PUSH             {R0-R9}
  112 00000032 4908            LDR              R1, =SSI0_SR_R
  113 00000034         dataBusyWait1
  114 00000034 680A            LDR              R2,[R1]
  115 00000036 F002 0201       AND              R2, #0x01
  116 0000003A 2A00            CMP              R2, #0
  117 0000003C D0FA            BEQ              dataBusyWait1
  118 0000003E         
  119 0000003E         
  120 0000003E 4B06            LDR              R3, =GPIO_PORTA_DATA_R
  121 00000040 681C            LDR              R4,[R3]
  122 00000042 F044 0440       ORR              R4, #0x40
  123 00000046 601C            STR              R4, [R3]
  124 00000048         
  125 00000048 4D04            LDR              R5, =SSI0_DR_R
  126 0000004A 6028            STR              R0, [R5]
  127 0000004C         
  128 0000004C         
  129 0000004C E8BD 03FF       POP              {R0-R9}
  130 00000050         
  131 00000050 4770            BX               LR          ;   return
  132 00000052         
  133 00000052         
  134 00000052         ;***************************************************
  135 00000052         ; This is a library for the Adafruit 1.8" SPI display.
  136 00000052         ; This library works with the Adafruit 1.8" TFT Breakout
                        w/SD card



ARM Macro Assembler    Page 4 


  137 00000052         ; ----> http://www.adafruit.com/products/358
  138 00000052         ; as well as Adafruit raw 1.8" TFT display
  139 00000052         ; ----> http://www.adafruit.com/products/618
  140 00000052         ;
  141 00000052         ; Check out the links above for our tutorials and wiring
                        diagrams
  142 00000052         ; These displays use SPI to communicate, 4 or 5 pins are
                        required to
  143 00000052         ; interface (RST is optional)
  144 00000052         ; Adafruit invests time and resources providing this ope
                       n source code,
  145 00000052         ; please support Adafruit and open-source hardware by pu
                       rchasing
  146 00000052         ; products from Adafruit!
  147 00000052         ;
  148 00000052         ; Written by Limor Fried/Ladyada for Adafruit Industries
                       .
  149 00000052         ; MIT license, all text above must be included in any re
                       distribution
  150 00000052         ;****************************************************
  151 00000052         
  152 00000052 00 00           ALIGN                        ; make sure the end
                                                             of this section is
                                                             aligned
  153 00000054                 END                          ; end of file
              4000800C 
              400043FC 
              40008008 
Command Line: --debug --xref --diag_suppress=9931 --cpu=Cortex-M4 --apcs=interw
ork --depend=.\lcd.d -o.\lcd.o -I.\RTE\_Lab7 -IC:\Keil_v5\ARM\PACK\ARM\CMSIS\5.
4.0\CMSIS\Core\Include -IC:\Keil_v5\ARM\PACK\Keil\TM4C_DFP\1.1.0\Device\Include
\TM4C123 --predefine="__EVAL SETA 1" --predefine="__MICROLIB SETA 1" --predefin
e="__UVISION_VERSION SETA 526" --predefine="_RTE_ SETA 1" --predefine="TM4C123G
H6PM SETA 1" --list=.\lcd.lst LCD.s



ARM Macro Assembler    Page 1 Alphabetic symbol ordering
Relocatable symbols

.text 00000000

Symbol: .text
   Definitions
      At line 40 in file LCD.s
   Uses
      None
Comment: .text unused
commandBusyWait1 00000006

Symbol: commandBusyWait1
   Definitions
      At line 76 in file LCD.s
   Uses
      At line 80 in file LCD.s
Comment: commandBusyWait1 used once
commandBusyWait2 0000001E

Symbol: commandBusyWait2
   Definitions
      At line 91 in file LCD.s
   Uses
      At line 95 in file LCD.s
Comment: commandBusyWait2 used once
dataBusyWait1 00000034

Symbol: dataBusyWait1
   Definitions
      At line 113 in file LCD.s
   Uses
      At line 117 in file LCD.s
Comment: dataBusyWait1 used once
writecommand 00000000

Symbol: writecommand
   Definitions
      At line 66 in file LCD.s
   Uses
      At line 37 in file LCD.s
Comment: writecommand used once
writedata 0000002E

Symbol: writedata
   Definitions
      At line 105 in file LCD.s
   Uses
      At line 38 in file LCD.s
Comment: writedata used once
6 symbols



ARM Macro Assembler    Page 1 Alphabetic symbol ordering
Absolute symbols

DC 40004100

Symbol: DC
   Definitions
      At line 22 in file LCD.s
   Uses
      None
Comment: DC unused
DC_COMMAND 00000000

Symbol: DC_COMMAND
   Definitions
      At line 23 in file LCD.s
   Uses
      None
Comment: DC_COMMAND unused
DC_DATA 00000040

Symbol: DC_DATA
   Definitions
      At line 24 in file LCD.s
   Uses
      None
Comment: DC_DATA unused
GPIO_PORTA_DATA_R 400043FC

Symbol: GPIO_PORTA_DATA_R
   Definitions
      At line 35 in file LCD.s
   Uses
      At line 83 in file LCD.s
      At line 120 in file LCD.s

SSI0_DR_R 40008008

Symbol: SSI0_DR_R
   Definitions
      At line 25 in file LCD.s
   Uses
      At line 88 in file LCD.s
      At line 125 in file LCD.s

SSI0_SR_R 4000800C

Symbol: SSI0_SR_R
   Definitions
      At line 26 in file LCD.s
   Uses
      At line 75 in file LCD.s
      At line 112 in file LCD.s

SSI_SR_BSY 00000010

Symbol: SSI_SR_BSY
   Definitions
      At line 28 in file LCD.s
   Uses
      At line 78 in file LCD.s
      At line 93 in file LCD.s



ARM Macro Assembler    Page 2 Alphabetic symbol ordering
Absolute symbols


SSI_SR_RNE 00000004

Symbol: SSI_SR_RNE
   Definitions
      At line 27 in file LCD.s
   Uses
      None
Comment: SSI_SR_RNE unused
SSI_SR_TNF 00000002

Symbol: SSI_SR_TNF
   Definitions
      At line 29 in file LCD.s
   Uses
      None
Comment: SSI_SR_TNF unused
9 symbols
352 symbols in table
