


ARM Macro Assembler    Page 1 


    1 00000000         ; Print.s
    2 00000000         ; Student names: change this to your names or look very 
                       silly
    3 00000000         ; Last modification date: change this to the last modifi
                       cation date or look very silly
    4 00000000         ; Runs on LM4F120 or TM4C123
    5 00000000         ; EE319K lab 7 device driver for any LCD
    6 00000000         ;
    7 00000000         ; As part of Lab 7, students need to implement these LCD
                       _OutDec and LCD_OutFix
    8 00000000         ; This driver assumes two low-level LCD functions
    9 00000000         ; ST7735_OutChar   outputs a single 8-bit ASCII characte
                       r
   10 00000000         ; ST7735_OutString outputs a null-terminated string 
   11 00000000         
   12 00000000                 IMPORT           ST7735_OutChar
   13 00000000                 IMPORT           ST7735_OutString
   14 00000000                 EXPORT           LCD_OutDec
   15 00000000                 EXPORT           LCD_OutFix
   16 00000000         
   17 00000000                 AREA             |.text|, CODE, READONLY, ALIGN=
2
   18 00000000                 THUMB
   19 00000000         
   20 00000000         
   21 00000000         
   22 00000000         
   23 00000000 00000000 
                       ORI     EQU              0
   24 00000000 00000004 
                       DIV     EQU              4
   25 00000000         
   26 00000000         ;-----------------------LCD_OutDec----------------------
                       -
   27 00000000         ; Output a 32-bit number in unsigned decimal format
   28 00000000         ; Input: R0 (call by value) 32-bit unsigned number
   29 00000000         ; Output: none
   30 00000000         ; Invariables: This function must not permanently modify
                        registers R4 to R11
   31 00000000         LCD_OutDec
   32 00000000         
   33 00000000 B510            PUSH             {R4, LR}
   34 00000002 B43F            PUSH             {R0-R5}
   35 00000004         
   36 00000004 B082            SUB              SP, #8
   37 00000006         
   38 00000006 9000            STR              R0, [SP,#ORI]
   39 00000008 9A00            LDR              R2, [SP,#ORI]
   40 0000000A         
   41 0000000A 2A0A            CMP              R2, #10
   42 0000000C D30D            BLO              singleDigitOut
   43 0000000E         
   44 0000000E         
   45 0000000E F04F 050A       MOV              R5, #10
   46 00000012 FBB2 F1F5       UDIV             R1, R2, R5
   47 00000016         
   48 00000016 9101            STR              R1, [SP,#DIV]
   49 00000018         
   50 00000018         ;//run OutDec with input R1



ARM Macro Assembler    Page 2 


   51 00000018 9801            LDR              R0, [SP,#DIV]
   52 0000001A F7FF FFFE       BL               LCD_OutDec
   53 0000001E         
   54 0000001E 9901            LDR              R1, [SP,#DIV]
   55 00000020         
   56 00000020 FB01 F105       MUL              R1, R1, R5
   57 00000024 EBA2 0201       SUB              R2, R2, R1
   58 00000028         
   59 00000028 9200            STR              R2, [SP,#ORI]
   60 0000002A         
   61 0000002A         
   62 0000002A         singleDigitOut
   63 0000002A         
   64 0000002A 9800            LDR              R0, [SP,#ORI]
   65 0000002C         
   66 0000002C         
   67 0000002C F000 F803       BL               outDigit
   68 00000030         
   69 00000030         
   70 00000030 B002            ADD              SP, #8
   71 00000032         
   72 00000032 BC3F            POP              {R0-R5}
   73 00000034 BD10            POP              {R4, PC}
   74 00000036         
   75 00000036         ;commented out
   76 00000036         ;BX  LR
   77 00000036         
   78 00000036         
   79 00000036         outDigit
   80 00000036 B510            PUSH             {R4, LR}
   81 00000038 E92D 03FF       PUSH             {R0-R9}
   82 0000003C F100 0030       ADD              R0, R0, #0x30
   83 00000040 F7FF FFFE       BL               ST7735_OutChar
   84 00000044 E8BD 03FF       POP              {R0-R9}
   85 00000048 E8BD 4010       POP              {R4, LR}
   86 0000004C 4770            BX               LR
   87 0000004E         ;* * * * * * * * End of LCD_OutDec * * * * * * * *
   88 0000004E         
   89 0000004E         ; -----------------------LCD _OutFix--------------------
                       --
   90 0000004E         ; Output characters to LCD display in fixed-point format
                       
   91 0000004E         ; unsigned decimal, resolution 0.001, range 0.000 to 9.9
                       99
   92 0000004E         ; Inputs:  R0 is an unsigned 32-bit number
   93 0000004E         ; Outputs: none
   94 0000004E         ; E.g., R0=0,    then output "0.000 "
   95 0000004E         ;       R0=3,    then output "0.003 "
   96 0000004E         ;       R0=89,   then output "0.089 "
   97 0000004E         ;       R0=123,  then output "0.123 "
   98 0000004E         ;       R0=9999, then output "9.999 "
   99 0000004E         ;       R0>9999, then output "*.*** "
  100 0000004E         ; Invariables: This function must not permanently modify
                        registers R4 to R11
  101 0000004E         
  102 0000004E         
  103 0000004E 2A 2E 2A 
              2A 2A 00 invalidInputString
                               DCB              0x2A,0x2E,0x2A,0x2A,0x2A,0x00



ARM Macro Assembler    Page 3 


  104 00000054         
  105 00000054         
  106 00000054         
  107 00000054 0000270F 
                       num9999 DCD              9999
  108 00000058         
  109 00000058         
  110 00000058 00000000 
                       ORI2    EQU              0
  111 00000058 00000004 
                       DIV2    EQU              4
  112 00000058         
  113 00000058         
  114 00000058         LCD_OutFix
  115 00000058 B510            PUSH             {R4, LR}
  116 0000005A B43F            PUSH             {R0-R5}
  117 0000005C         
  118 0000005C B082            SUB              SP, #8
  119 0000005E         
  120 0000005E 9000            STR              R0,[SP,#ORI2]
  121 00000060         
  122 00000060 4926            LDR              R1, =num9999
  123 00000062 6809            LDR              R1, [R1]
  124 00000064         
  125 00000064 9800            LDR              R0,[SP,#ORI2]
  126 00000066 4288            CMP              R0, R1
  127 00000068 D842            BHI              printInvalid
  128 0000006A         
  129 0000006A F44F 7C7A       MOV              R12, #1000
  130 0000006E 9900            LDR              R1, [SP,#ORI2]
  131 00000070 FBB1 F0FC       UDIV             R0, R1, R12 ; R0 = R1/1000 = 2
  132 00000074 9001            STR              R0,[SP,#DIV2]
  133 00000076 F7FF FFDE       BL               outDigit
  134 0000007A 9801            LDR              R0,[SP,#DIV2]
  135 0000007C FB00 F00C       MUL              R0, R0, R12 ; R0 = R0*1000 = 20
                                                            00
  136 00000080 9900            LDR              R1, [SP,#ORI2]
  137 00000082 EBA1 0100       SUB              R1, R1, R0  ; R1=R1-R0 = 2589-2
                                                            000=589
  138 00000086 9100            STR              R1, [SP,#ORI2]
  139 00000088         
  140 00000088 F04F 002E       MOV              R0, #0x2E
  141 0000008C B43F            PUSH             {R0-R5}
  142 0000008E F7FF FFFE       BL               ST7735_OutChar
  143 00000092 BC3F            POP              {R0-R5}
  144 00000094         
  145 00000094 F04F 0C64       MOV              R12, #100
  146 00000098 9900            LDR              R1, [SP,#ORI2]
  147 0000009A FBB1 F0FC       UDIV             R0, R1, R12 ; R0 = R1/1000 = 2
  148 0000009E 9001            STR              R0,[SP,#DIV2]
  149 000000A0 F7FF FFC9       BL               outDigit
  150 000000A4 9801            LDR              R0,[SP,#DIV2]
  151 000000A6 FB00 F00C       MUL              R0, R0, R12 ; R0 = R0*1000 = 20
                                                            00
  152 000000AA 9900            LDR              R1, [SP,#ORI2]
  153 000000AC EBA1 0100       SUB              R1, R1, R0  ; R1=R1-R0 = 2589-2
                                                            000=589
  154 000000B0 9100            STR              R1, [SP,#ORI2]
  155 000000B2         



ARM Macro Assembler    Page 4 


  156 000000B2 F04F 0C0A       MOV              R12, #10
  157 000000B6 9900            LDR              R1, [SP,#ORI2]
  158 000000B8 FBB1 F0FC       UDIV             R0, R1, R12 ; R0 = R1/1000 = 2
  159 000000BC 9001            STR              R0,[SP,#DIV2]
  160 000000BE F7FF FFBA       BL               outDigit
  161 000000C2 9801            LDR              R0,[SP,#DIV2]
  162 000000C4 FB00 F00C       MUL              R0, R0, R12 ; R0 = R0*1000 = 20
                                                            00
  163 000000C8 9900            LDR              R1, [SP,#ORI2]
  164 000000CA EBA1 0100       SUB              R1, R1, R0  ; R1=R1-R0 = 2589-2
                                                            000=589
  165 000000CE 9100            STR              R1, [SP,#ORI2]
  166 000000D0         
  167 000000D0 F04F 0C01       MOV              R12, #1
  168 000000D4 9900            LDR              R1, [SP,#ORI2]
  169 000000D6 FBB1 F0FC       UDIV             R0, R1, R12 ; R0 = R1/1000 = 2
  170 000000DA 9001            STR              R0,[SP,#DIV2]
  171 000000DC F7FF FFAB       BL               outDigit
  172 000000E0 9801            LDR              R0,[SP,#DIV2]
  173 000000E2 FB00 F00C       MUL              R0, R0, R12 ; R0 = R0*1000 = 20
                                                            00
  174 000000E6 9900            LDR              R1, [SP,#ORI2]
  175 000000E8 EBA1 0100       SUB              R1, R1, R0  ; R1=R1-R0 = 2589-2
                                                            000=589
  176 000000EC 9100            STR              R1, [SP,#ORI2]
  177 000000EE         
  178 000000EE E002            B                doneOutFix
  179 000000F0         
  180 000000F0         printInvalid
  181 000000F0 4803            LDR              R0,=invalidInputString
  182 000000F2 F7FF FFFE       BL               ST7735_OutString
  183 000000F6         
  184 000000F6         
  185 000000F6         
  186 000000F6         doneOutFix
  187 000000F6         
  188 000000F6 B002            ADD              SP, #8
  189 000000F8         
  190 000000F8 BC3F            POP              {R0-R5}
  191 000000FA BD10            POP              {R4, PC}
  192 000000FC         
  193 000000FC         ;BX   LR
  194 000000FC         
  195 000000FC                 ALIGN
  196 000000FC         ;* * * * * * * * End of LCD_OutFix * * * * * * * *
  197 000000FC         
  198 000000FC                 ALIGN                        ; make sure the end
                                                             of this section is
                                                             aligned
  199 000000FC                 END                          ; end of file
              00000000 
              00000000 
Command Line: --debug --xref --diag_suppress=9931 --cpu=Cortex-M4 --apcs=interw
ork --depend=.\print.d -o.\print.o -I.\RTE\_Lab7 -IC:\Keil_v5\ARM\PACK\ARM\CMSI
S\5.4.0\CMSIS\Core\Include -IC:\Keil_v5\ARM\PACK\Keil\TM4C_DFP\1.1.0\Device\Inc
lude\TM4C123 --predefine="__EVAL SETA 1" --predefine="__MICROLIB SETA 1" --pred
efine="__UVISION_VERSION SETA 526" --predefine="_RTE_ SETA 1" --predefine="TM4C
123GH6PM SETA 1" --list=.\print.lst Print.s



ARM Macro Assembler    Page 1 Alphabetic symbol ordering
Relocatable symbols

.text 00000000

Symbol: .text
   Definitions
      At line 17 in file Print.s
   Uses
      None
Comment: .text unused
LCD_OutDec 00000000

Symbol: LCD_OutDec
   Definitions
      At line 31 in file Print.s
   Uses
      At line 14 in file Print.s
      At line 52 in file Print.s

LCD_OutFix 00000058

Symbol: LCD_OutFix
   Definitions
      At line 114 in file Print.s
   Uses
      At line 15 in file Print.s
Comment: LCD_OutFix used once
doneOutFix 000000F6

Symbol: doneOutFix
   Definitions
      At line 186 in file Print.s
   Uses
      At line 178 in file Print.s
Comment: doneOutFix used once
invalidInputString 0000004E

Symbol: invalidInputString
   Definitions
      At line 103 in file Print.s
   Uses
      At line 181 in file Print.s
Comment: invalidInputString used once
num9999 00000054

Symbol: num9999
   Definitions
      At line 107 in file Print.s
   Uses
      At line 122 in file Print.s
Comment: num9999 used once
outDigit 00000036

Symbol: outDigit
   Definitions
      At line 79 in file Print.s
   Uses
      At line 67 in file Print.s
      At line 133 in file Print.s
      At line 149 in file Print.s
      At line 160 in file Print.s



ARM Macro Assembler    Page 2 Alphabetic symbol ordering
Relocatable symbols

      At line 171 in file Print.s

printInvalid 000000F0

Symbol: printInvalid
   Definitions
      At line 180 in file Print.s
   Uses
      At line 127 in file Print.s
Comment: printInvalid used once
singleDigitOut 0000002A

Symbol: singleDigitOut
   Definitions
      At line 62 in file Print.s
   Uses
      At line 42 in file Print.s
Comment: singleDigitOut used once
9 symbols



ARM Macro Assembler    Page 1 Alphabetic symbol ordering
Absolute symbols

DIV 00000004

Symbol: DIV
   Definitions
      At line 24 in file Print.s
   Uses
      At line 48 in file Print.s
      At line 51 in file Print.s
      At line 54 in file Print.s

DIV2 00000004

Symbol: DIV2
   Definitions
      At line 111 in file Print.s
   Uses
      At line 132 in file Print.s
      At line 134 in file Print.s
      At line 148 in file Print.s
      At line 150 in file Print.s
      At line 159 in file Print.s
      At line 161 in file Print.s
      At line 170 in file Print.s
      At line 172 in file Print.s

ORI 00000000

Symbol: ORI
   Definitions
      At line 23 in file Print.s
   Uses
      At line 38 in file Print.s
      At line 39 in file Print.s
      At line 59 in file Print.s
      At line 64 in file Print.s

ORI2 00000000

Symbol: ORI2
   Definitions
      At line 110 in file Print.s
   Uses
      At line 120 in file Print.s
      At line 125 in file Print.s
      At line 130 in file Print.s
      At line 136 in file Print.s
      At line 138 in file Print.s
      At line 146 in file Print.s
      At line 152 in file Print.s
      At line 154 in file Print.s
      At line 157 in file Print.s
      At line 163 in file Print.s
      At line 165 in file Print.s
      At line 168 in file Print.s
      At line 174 in file Print.s
      At line 176 in file Print.s

4 symbols



ARM Macro Assembler    Page 1 Alphabetic symbol ordering
External symbols

ST7735_OutChar 00000000

Symbol: ST7735_OutChar
   Definitions
      At line 12 in file Print.s
   Uses
      At line 83 in file Print.s
      At line 142 in file Print.s

ST7735_OutString 00000000

Symbol: ST7735_OutString
   Definitions
      At line 13 in file Print.s
   Uses
      At line 182 in file Print.s
Comment: ST7735_OutString used once
2 symbols
352 symbols in table
