


ARM Macro Assembler    Page 1 


    1 00000000         ;Exam2AsmPart.s  
    2 00000000         ; EE319K Spring 2018 exam 2, April 6, 2018
    3 00000000         ; ***Put your name here***
    4 00000000         ; -5 points if you do not add your name
    5 00000000         ; This is the assembly Part of the Exam (See Exam2CPart.
                       c for the C part)
    6 00000000         ; You have to complete one subroutine in assembly: Strin
                       g2Int
    7 00000000         
    8 00000000                 PRESERVE8
    9 00000000                 AREA             |.text|, CODE, READONLY, ALIGN=
2
   10 00000000                 THUMB
   11 00000000                 EXPORT           String2Octal
   12 00000000         
   13 00000000         ; Octal means base 8, with digits 0-7
   14 00000000         ; ASCII '0' is 0x30
   15 00000000         ;       '1' is 0x31
   16 00000000         ; ...
   17 00000000         ;       '7' is 0x37
   18 00000000         
   19 00000000         
   20 00000000         ;*** Question 2 ***** String2Octal **********
   21 00000000         ; Accepts a null-terminated string of ASCII octal digits
                       
   22 00000000         ; and calculates the unsigned integer value represented 
                       by those digits
   23 00000000         ; Input: R0 is a pointer to a null-terminated ASCII stri
                       ng 
   24 00000000         ;        each ASCII character is an 8-bit number from 0 
                       to 127
   25 00000000         ; Output: R0 should be returned as the unsigned 32-bit v
                       alue
   26 00000000         ;         return 0xFFFFFFFF if any character in the stri
                       ng is not an octal digit
   27 00000000         ;         return 0xFFFFFFFF if the numerical result of t
                       he conversion exceeds 65535
   28 00000000         ; Note: the grader will run many test cases, there are o
                       nly a few of them
   29 00000000         ; input string                     description    return
                       
   30 00000000         ; 0x35,0                           "5"            5 
   31 00000000         ; 0x31,0x32,0                      "12"           10 
   32 00000000         ; 0x33,0x37,0x31,0                 "371"          249 
   33 00000000         ; 0x30,0x35,0x34,0x32,0x31,0       "05421"        2833
   34 00000000         ; 0x31,0x37,0x37,0x37,0x37,0x37,0  "177777"       65535
   35 00000000         ; 0x32,0x30,0x30,0x30,0x30,0x30,0  "200000"       0xFFFF
                       FFFF
   36 00000000         ; 0x38,0x34,0                      "84"           0xFFFF
                       FFFF
   37 00000000         ; 0x33,0x2C,0x31,0                 "3,1"          0xFFFF
                       FFFF
   38 00000000         ; 0                                null string    0
   39 00000000 00000030 
                       ZEROASCII
                               EQU              0x30
   40 00000000 FFFFFFFF 
                       allF    DCD              0xFFFFFFFF
   41 00000004         



ARM Macro Assembler    Page 2 


   42 00000004         String2Octal
   43 00000004 E92D 07FE       PUSH             {R1-R10}
   44 00000008         
   45 00000008         stringLoopInit
   46 00000008 7801            LDRB             R1, [R0]
   47 0000000A 2900            CMP              R1, #0
   48 0000000C F100 0001       ADD              R0, #1
   49 00000010 D1FA            BNE              stringLoopInit
   50 00000012         
   51 00000012 F1A0 0002       SUB              R0,#2
   52 00000016         
   53 00000016         
   54 00000016 F04F 0700       MOV              R7, #0
   55 0000001A F04F 0201       MOV              R2, #1
   56 0000001E         
   57 0000001E F04F 0308       MOV              R3, #8
   58 00000022         
   59 00000022 F04F 0400       MOV              R4, #0      ;error bit
   60 00000026         
   61 00000026         stringLoop
   62 00000026 7801            LDRB             R1, [R0]
   63 00000028 2900            CMP              R1, #0
   64 0000002A D010            BEQ              normal
   65 0000002C         
   66 0000002C F1A1 0130       SUB              R1, #ZEROASCII
   67 00000030 2900            CMP              R1, #0
   68 00000032 D409            BMI              error
   69 00000034 2908            CMP              R1, #8
   70 00000036 D507            BPL              error
   71 00000038         
   72 00000038         
   73 00000038 FB01 F102       MUL              R1, R2
   74 0000003C FB02 F203       MUL              R2, R3
   75 00000040         
   76 00000040 440F            ADD              R7, R1
   77 00000042         
   78 00000042         
   79 00000042 F1A0 0001       SUB              R0, #1
   80 00000046 E7EE            B                stringLoop
   81 00000048         
   82 00000048         
   83 00000048         error
   84 00000048 F85F 004C       LDR              R0, allF
   85 0000004C E003            B                return
   86 0000004E         normal
   87 0000004E 4638            MOV              R0, R7
   88 00000050 F5B0 3F80       CMP              R0, #65536
   89 00000054 D5F8            BPL              error
   90 00000056         return
   91 00000056 E8BD 07FE       POP              {R1-R10}
   92 0000005A 4770            BX               LR
   93 0000005C         
   94 0000005C                 ALIGN                        ; make sure the end
                                                             of this section is
                                                             aligned
   95 0000005C                 END                          ; end of file
Command Line: --debug --xref --diag_suppress=9931 --cpu=Cortex-M3 --apcs=interw
ork --depend=.\exam2asm.d -o.\exam2asm.o -I.\RTE\_Exam2 -IC:\Keil_v5\ARM\PACK\A
RM\CMSIS\5.4.0\CMSIS\Core\Include -IC:\Keil_v5\ARM\PACK\Keil\LM3S_DFP\1.1.0\Dev



ARM Macro Assembler    Page 3 


ice\Include --predefine="__EVAL SETA 1" --predefine="__UVISION_VERSION SETA 526
" --predefine="_RTE_ SETA 1" --predefine="LM3S1968 SETA 1" --list=.\exam2asm.ls
t Exam2asm.s



ARM Macro Assembler    Page 1 Alphabetic symbol ordering
Relocatable symbols

.text 00000000

Symbol: .text
   Definitions
      At line 9 in file Exam2asm.s
   Uses
      None
Comment: .text unused
String2Octal 00000004

Symbol: String2Octal
   Definitions
      At line 42 in file Exam2asm.s
   Uses
      At line 11 in file Exam2asm.s
Comment: String2Octal used once
allF 00000000

Symbol: allF
   Definitions
      At line 40 in file Exam2asm.s
   Uses
      At line 84 in file Exam2asm.s
Comment: allF used once
error 00000048

Symbol: error
   Definitions
      At line 83 in file Exam2asm.s
   Uses
      At line 68 in file Exam2asm.s
      At line 70 in file Exam2asm.s
      At line 89 in file Exam2asm.s

normal 0000004E

Symbol: normal
   Definitions
      At line 86 in file Exam2asm.s
   Uses
      At line 64 in file Exam2asm.s
Comment: normal used once
return 00000056

Symbol: return
   Definitions
      At line 90 in file Exam2asm.s
   Uses
      At line 85 in file Exam2asm.s
Comment: return used once
stringLoop 00000026

Symbol: stringLoop
   Definitions
      At line 61 in file Exam2asm.s
   Uses
      At line 80 in file Exam2asm.s
Comment: stringLoop used once
stringLoopInit 00000008



ARM Macro Assembler    Page 2 Alphabetic symbol ordering
Relocatable symbols


Symbol: stringLoopInit
   Definitions
      At line 45 in file Exam2asm.s
   Uses
      At line 49 in file Exam2asm.s
Comment: stringLoopInit used once
8 symbols



ARM Macro Assembler    Page 1 Alphabetic symbol ordering
Absolute symbols

ZEROASCII 00000030

Symbol: ZEROASCII
   Definitions
      At line 39 in file Exam2asm.s
   Uses
      At line 66 in file Exam2asm.s
Comment: ZEROASCII used once
1 symbol
343 symbols in table
