


ARM Macro Assembler    Page 1 


    1 00000000         ; Print.s
    2 00000000         ; Student names: change this to your names or look very 
                       silly
    3 00000000         ; Last modification date: change this to the last modifi
                       cation date or look very silly
    4 00000000         ; Runs on LM4F120 or TM4C123
    5 00000000         ; EE319K lab 7 device driver for any LCD
    6 00000000         ;
    7 00000000         ; As part of Lab 7, students need to implement these LCD
                       _OutDec and LCD_OutFix
    8 00000000         ; This driver assumes two low-level LCD functions
    9 00000000         ; ST7735_OutChar   outputs a single 8-bit ASCII characte
                       r
   10 00000000         ; ST7735_OutString outputs a null-terminated string 
   11 00000000         
   12 00000000                 IMPORT           ST7735_OutChar
   13 00000000                 IMPORT           ST7735_OutString
   14 00000000                 EXPORT           LCD_OutDec
   15 00000000                 EXPORT           LCD_OutFix
   16 00000000         
   17 00000000                 AREA             |.text|, CODE, READONLY, ALIGN=
2
   18 00000000                 THUMB
   19 00000000         
   20 00000000         
   21 00000000         
   22 00000000 00000000 
                       ORI     EQU              0
   23 00000000 00000004 
                       DIV     EQU              4
   24 00000000         
   25 00000000         ;-----------------------LCD_OutDec----------------------
                       -
   26 00000000         ; Output a 32-bit number in unsigned decimal format
   27 00000000         ; Input: R0 (call by value) 32-bit unsigned number
   28 00000000         ; Output: none
   29 00000000         ; Invariables: This function must not permanently modify
                        registers R4 to R11
   30 00000000         LCD_OutDec
   31 00000000 B510            PUSH             {R4, LR}
   32 00000002 B43F            PUSH             {R0-R5}
   33 00000004         
   34 00000004 B082            SUB              SP, #8
   35 00000006         
   36 00000006 9000            STR              R0, [SP,#ORI]
   37 00000008 9A00            LDR              R2, [SP,#ORI]
   38 0000000A         
   39 0000000A 2A0A            CMP              R2, #10
   40 0000000C D30D            BLO              singleDigitOut
   41 0000000E         
   42 0000000E         
   43 0000000E F04F 050A       MOV              R5, #10
   44 00000012 FBB2 F1F5       UDIV             R1, R2, R5
   45 00000016         
   46 00000016 9101            STR              R1, [SP,#DIV]
   47 00000018         
   48 00000018         ;//run OutDec with input R1
   49 00000018 9801            LDR              R0, [SP,#DIV]
   50 0000001A F7FF FFFE       BL               LCD_OutDec



ARM Macro Assembler    Page 2 


   51 0000001E         
   52 0000001E 9901            LDR              R1, [SP,#DIV]
   53 00000020         
   54 00000020 FB01 F105       MUL              R1, R1, R5
   55 00000024 EBA2 0201       SUB              R2, R2, R1
   56 00000028         
   57 00000028 9200            STR              R2, [SP,#ORI]
   58 0000002A         
   59 0000002A         
   60 0000002A         singleDigitOut
   61 0000002A         
   62 0000002A 9800            LDR              R0, [SP,#ORI]
   63 0000002C         
   64 0000002C         
   65 0000002C F000 F803       BL               outDigit
   66 00000030         
   67 00000030         
   68 00000030 B002            ADD              SP, #8
   69 00000032         
   70 00000032 BC3F            POP              {R0-R5}
   71 00000034 BD10            POP              {R4, PC}
   72 00000036         
   73 00000036         ;commented out
   74 00000036         ;BX  LR
   75 00000036         
   76 00000036         
   77 00000036         outDigit
   78 00000036 B510            PUSH             {R4, LR}
   79 00000038 E92D 03FF       PUSH             {R0-R9}
   80 0000003C F100 0030       ADD              R0, R0, #0x30
   81 00000040 F7FF FFFE       BL               ST7735_OutChar
   82 00000044 E8BD 03FF       POP              {R0-R9}
   83 00000048 E8BD 4010       POP              {R4, LR}
   84 0000004C         
   85 0000004C 4770            BX               LR
   86 0000004E         
   87 0000004E         
   88 0000004E         
   89 0000004E         
   90 0000004E         
   91 0000004E 2A 2E 2A 
              2A 2A 00 invalidInputString
                               DCB              0x2A,0x2E,0x2A,0x2A,0x2A,0x00
   92 00000054         
   93 00000054         
   94 00000054         
   95 00000054 0000270F 
                       num9999 DCD              9999
   96 00000058         
   97 00000058         
   98 00000058 00000000 
                       ORI2    EQU              0
   99 00000058 00000004 
                       DIV2    EQU              4
  100 00000058         
  101 00000058         
  102 00000058         ;* * * * * * * * End of LCD_OutDec * * * * * * * *
  103 00000058         
  104 00000058         ; -----------------------LCD _OutFix--------------------



ARM Macro Assembler    Page 3 


                       --
  105 00000058         ; Output characters to LCD display in fixed-point format
                       
  106 00000058         ; unsigned decimal, resolution 0.001, range 0.000 to 9.9
                       99
  107 00000058         ; Inputs:  R0 is an unsigned 32-bit number
  108 00000058         ; Outputs: none
  109 00000058         ; E.g., R0=0,    then output "0.000 "
  110 00000058         ;       R0=3,    then output "0.003 "
  111 00000058         ;       R0=89,   then output "0.089 "
  112 00000058         ;       R0=123,  then output "0.123 "
  113 00000058         ;       R0=9999, then output "9.999 "
  114 00000058         ;       R0>9999, then output "*.*** "
  115 00000058         ; Invariables: This function must not permanently modify
                        registers R4 to R11
  116 00000058         LCD_OutFix
  117 00000058         
  118 00000058 B510            PUSH             {R4, LR}
  119 0000005A B43F            PUSH             {R0-R5}
  120 0000005C         
  121 0000005C B082            SUB              SP, #8
  122 0000005E         
  123 0000005E 9000            STR              R0,[SP,#ORI2]
  124 00000060         
  125 00000060 4926            LDR              R1, =num9999
  126 00000062 6809            LDR              R1, [R1]
  127 00000064         
  128 00000064 9800            LDR              R0,[SP,#ORI2]
  129 00000066 4288            CMP              R0, R1
  130 00000068 D842            BHI              printInvalid
  131 0000006A         
  132 0000006A F44F 7C7A       MOV              R12, #1000
  133 0000006E 9900            LDR              R1, [SP,#ORI2]
  134 00000070 FBB1 F0FC       UDIV             R0, R1, R12 ; R0 = R1/1000 = 2
  135 00000074 9001            STR              R0,[SP,#DIV2]
  136 00000076 F7FF FFDE       BL               outDigit
  137 0000007A 9801            LDR              R0,[SP,#DIV2]
  138 0000007C FB00 F00C       MUL              R0, R0, R12 ; R0 = R0*1000 = 20
                                                            00
  139 00000080 9900            LDR              R1, [SP,#ORI2]
  140 00000082 EBA1 0100       SUB              R1, R1, R0  ; R1=R1-R0 = 2589-2
                                                            000=589
  141 00000086 9100            STR              R1, [SP,#ORI2]
  142 00000088         
  143 00000088 F04F 002E       MOV              R0, #0x2E
  144 0000008C B43F            PUSH             {R0-R5}
  145 0000008E F7FF FFFE       BL               ST7735_OutChar
  146 00000092 BC3F            POP              {R0-R5}
  147 00000094         
  148 00000094 F04F 0C64       MOV              R12, #100
  149 00000098 9900            LDR              R1, [SP,#ORI2]
  150 0000009A FBB1 F0FC       UDIV             R0, R1, R12 ; R0 = R1/1000 = 2
  151 0000009E 9001            STR              R0,[SP,#DIV2]
  152 000000A0 F7FF FFC9       BL               outDigit
  153 000000A4 9801            LDR              R0,[SP,#DIV2]
  154 000000A6 FB00 F00C       MUL              R0, R0, R12 ; R0 = R0*1000 = 20
                                                            00
  155 000000AA 9900            LDR              R1, [SP,#ORI2]
  156 000000AC EBA1 0100       SUB              R1, R1, R0  ; R1=R1-R0 = 2589-2



ARM Macro Assembler    Page 4 


                                                            000=589
  157 000000B0 9100            STR              R1, [SP,#ORI2]
  158 000000B2         
  159 000000B2 F04F 0C0A       MOV              R12, #10
  160 000000B6 9900            LDR              R1, [SP,#ORI2]
  161 000000B8 FBB1 F0FC       UDIV             R0, R1, R12 ; R0 = R1/1000 = 2
  162 000000BC 9001            STR              R0,[SP,#DIV2]
  163 000000BE F7FF FFBA       BL               outDigit
  164 000000C2 9801            LDR              R0,[SP,#DIV2]
  165 000000C4 FB00 F00C       MUL              R0, R0, R12 ; R0 = R0*1000 = 20
                                                            00
  166 000000C8 9900            LDR              R1, [SP,#ORI2]
  167 000000CA EBA1 0100       SUB              R1, R1, R0  ; R1=R1-R0 = 2589-2
                                                            000=589
  168 000000CE 9100            STR              R1, [SP,#ORI2]
  169 000000D0         
  170 000000D0 F04F 0C01       MOV              R12, #1
  171 000000D4 9900            LDR              R1, [SP,#ORI2]
  172 000000D6 FBB1 F0FC       UDIV             R0, R1, R12 ; R0 = R1/1000 = 2
  173 000000DA 9001            STR              R0,[SP,#DIV2]
  174 000000DC F7FF FFAB       BL               outDigit
  175 000000E0 9801            LDR              R0,[SP,#DIV2]
  176 000000E2 FB00 F00C       MUL              R0, R0, R12 ; R0 = R0*1000 = 20
                                                            00
  177 000000E6 9900            LDR              R1, [SP,#ORI2]
  178 000000E8 EBA1 0100       SUB              R1, R1, R0  ; R1=R1-R0 = 2589-2
                                                            000=589
  179 000000EC 9100            STR              R1, [SP,#ORI2]
  180 000000EE         
  181 000000EE E002            B                doneOutFix
  182 000000F0         
  183 000000F0         printInvalid
  184 000000F0 4803            LDR              R0,=invalidInputString
  185 000000F2 F7FF FFFE       BL               ST7735_OutString
  186 000000F6         
  187 000000F6         
  188 000000F6         
  189 000000F6         doneOutFix
  190 000000F6         
  191 000000F6 B002            ADD              SP, #8
  192 000000F8         
  193 000000F8 BC3F            POP              {R0-R5}
  194 000000FA BD10            POP              {R4, PC}
  195 000000FC         
  196 000000FC         
  197 000000FC         ;* * * * * * * * End of LCD_OutFix * * * * * * * *
  198 000000FC         
  199 000000FC                 ALIGN                        ; make sure the end
                                                             of this section is
                                                             aligned
  200 000000FC                 END                          ; end of file
              00000000 
              00000000 
Command Line: --debug --xref --diag_suppress=9931 --cpu=Cortex-M4 --apcs=interw
ork --depend=.\print.d -o.\print.o -I.\RTE\_Lab8 -IC:\Keil_v5\ARM\PACK\ARM\CMSI
S\5.4.0\CMSIS\Core\Include -IC:\Keil_v5\ARM\PACK\Keil\TM4C_DFP\1.1.0\Device\Inc
lude\TM4C123 --predefine="__EVAL SETA 1" --predefine="__UVISION_VERSION SETA 52
6" --predefine="_RTE_ SETA 1" --predefine="TM4C123GH6PM SETA 1" --list=.\print.
lst Print.s



ARM Macro Assembler    Page 1 Alphabetic symbol ordering
Relocatable symbols

.text 00000000

Symbol: .text
   Definitions
      At line 17 in file Print.s
   Uses
      None
Comment: .text unused
LCD_OutDec 00000000

Symbol: LCD_OutDec
   Definitions
      At line 30 in file Print.s
   Uses
      At line 14 in file Print.s
      At line 50 in file Print.s

LCD_OutFix 00000058

Symbol: LCD_OutFix
   Definitions
      At line 116 in file Print.s
   Uses
      At line 15 in file Print.s
Comment: LCD_OutFix used once
doneOutFix 000000F6

Symbol: doneOutFix
   Definitions
      At line 189 in file Print.s
   Uses
      At line 181 in file Print.s
Comment: doneOutFix used once
invalidInputString 0000004E

Symbol: invalidInputString
   Definitions
      At line 91 in file Print.s
   Uses
      At line 184 in file Print.s
Comment: invalidInputString used once
num9999 00000054

Symbol: num9999
   Definitions
      At line 95 in file Print.s
   Uses
      At line 125 in file Print.s
Comment: num9999 used once
outDigit 00000036

Symbol: outDigit
   Definitions
      At line 77 in file Print.s
   Uses
      At line 65 in file Print.s
      At line 136 in file Print.s
      At line 152 in file Print.s
      At line 163 in file Print.s



ARM Macro Assembler    Page 2 Alphabetic symbol ordering
Relocatable symbols

      At line 174 in file Print.s

printInvalid 000000F0

Symbol: printInvalid
   Definitions
      At line 183 in file Print.s
   Uses
      At line 130 in file Print.s
Comment: printInvalid used once
singleDigitOut 0000002A

Symbol: singleDigitOut
   Definitions
      At line 60 in file Print.s
   Uses
      At line 40 in file Print.s
Comment: singleDigitOut used once
9 symbols



ARM Macro Assembler    Page 1 Alphabetic symbol ordering
Absolute symbols

DIV 00000004

Symbol: DIV
   Definitions
      At line 23 in file Print.s
   Uses
      At line 46 in file Print.s
      At line 49 in file Print.s
      At line 52 in file Print.s

DIV2 00000004

Symbol: DIV2
   Definitions
      At line 99 in file Print.s
   Uses
      At line 135 in file Print.s
      At line 137 in file Print.s
      At line 151 in file Print.s
      At line 153 in file Print.s
      At line 162 in file Print.s
      At line 164 in file Print.s
      At line 173 in file Print.s
      At line 175 in file Print.s

ORI 00000000

Symbol: ORI
   Definitions
      At line 22 in file Print.s
   Uses
      At line 36 in file Print.s
      At line 37 in file Print.s
      At line 57 in file Print.s
      At line 62 in file Print.s

ORI2 00000000

Symbol: ORI2
   Definitions
      At line 98 in file Print.s
   Uses
      At line 123 in file Print.s
      At line 128 in file Print.s
      At line 133 in file Print.s
      At line 139 in file Print.s
      At line 141 in file Print.s
      At line 149 in file Print.s
      At line 155 in file Print.s
      At line 157 in file Print.s
      At line 160 in file Print.s
      At line 166 in file Print.s
      At line 168 in file Print.s
      At line 171 in file Print.s
      At line 177 in file Print.s
      At line 179 in file Print.s

4 symbols



ARM Macro Assembler    Page 1 Alphabetic symbol ordering
External symbols

ST7735_OutChar 00000000

Symbol: ST7735_OutChar
   Definitions
      At line 12 in file Print.s
   Uses
      At line 81 in file Print.s
      At line 145 in file Print.s

ST7735_OutString 00000000

Symbol: ST7735_OutString
   Definitions
      At line 13 in file Print.s
   Uses
      At line 185 in file Print.s
Comment: ST7735_OutString used once
2 symbols
351 symbols in table
